<?xml version="1.0" encoding="UTF-8"?>
<!-- Generated by org.testng.reporters.JUnitReportReporter -->
<testsuite hostname="LAPTOP-A221K0G3" failures="0" tests="1" name="search.TC_001" time="11.098" errors="0" timestamp="2023-01-18T21:55:49 IST" skipped="0">
  <testcase classname="search.TC_001" name="addToTheProductToCart" time="11.098"/>
  <system-out>
searched product is displayed successfully  </system-out>
</testsuite> <!-- search.TC_001 -->
