<?xml version="1.0" encoding="UTF-8"?>
<!-- Generated by org.testng.reporters.JUnitReportReporter -->
<testsuite hostname="LAPTOP-A221K0G3" failures="0" tests="1" name="search.TC_003" time="1.575" errors="0" timestamp="2023-01-19T07:52:58 IST" skipped="0">
  <testcase classname="search.TC_003" name="sortByDropDown" time="1.575"/>
  <system-out/>
</testsuite> <!-- search.TC_003 -->
