<?xml version="1.0" encoding="UTF-8"?>
<!-- Generated by org.testng.reporters.JUnitReportReporter -->
<testsuite hostname="LAPTOP-A221K0G3" failures="0" tests="2" name="dummy.GettingDataFromExcel" time="0.009" errors="0" timestamp="2023-01-31T12:19:05 IST" skipped="0">
  <testcase classname="dummy.GettingDataFromExcel" name="read" time="0.007"/>
  <system-out/>
  <testcase classname="dummy.GettingDataFromExcel" name="read" time="0.002"/>
  <system-out/>
</testsuite> <!-- dummy.GettingDataFromExcel -->
